La génération a démarré 07/12/2017 08:39:29.
     1>Projet "Z:\Boulot\MEDEV\dames\dames\dames.vcxproj" sur le nœud 2 (Build cible(s)).
     1>ClCompile:
         C:\Program Files (x86)\Microsoft Visual Studio 11.0\VC\bin\CL.exe /c /I"Z:\Boulot\google test\googletest-master\googletest\include" /I"Z:\Boulot\google test\googletest-master\googletest" /ZI /nologo /W3 /WX- /sdl /Od /Oy- /D WIN32 /D _DEBUG /D _CONSOLE /D "_VARIADIC_MAX 10" /D _UNICODE /D UNICODE /Gm /EHsc /RTC1 /MDd /GS /fp:precise /Zc:wchar_t /Zc:forScope /Fo"Debug\\" /Fd"Debug\vc110.pdb" /Gd /TP /analyze- /errorReport:prompt "..\..\..\google test\googletest-master\googletest\src\gtest-all.cc" "..\..\..\google test\googletest-master\googletest\src\gtest_main.cc" Main.cpp utils.cpp
         utils.cpp
     1>z:\boulot\medev\dames\dames\utils.cpp(80): warning C4804: '%' : utilisation risquée du type 'bool' dans l'opération
         Main.cpp
         gtest_main.cc
     1>z:\boulot\google test\googletest-master\googletest\include\gtest\gtest-printers.h(670): error C2977: 'std::tuple' : nombre d'arguments modèle trop élevé
                 c:\program files (x86)\microsoft visual studio 11.0\vc\include\utility(73) : voir la déclaration de 'std::tuple'
     1>z:\boulot\google test\googletest-master\googletest\include\gtest\gtest-printers.h(678): error C2977: 'std::tuple' : nombre d'arguments modèle trop élevé
                 c:\program files (x86)\microsoft visual studio 11.0\vc\include\utility(73) : voir la déclaration de 'std::tuple'
     1>z:\boulot\google test\googletest-master\googletest\include\gtest\internal\gtest-param-util-generated.h(4341): error C2977: 'std::tuple' : nombre d'arguments modèle trop élevé
                 c:\program files (x86)\microsoft visual studio 11.0\vc\include\utility(73) : voir la déclaration de 'std::tuple'
                 z:\boulot\google test\googletest-master\googletest\include\gtest\internal\gtest-param-util-generated.h(4573) : voir la référence à l'instanciation de la classe modèle 'testing::internal::CartesianProductGenerator9<T1,T2,T3,T4,T5,T6,T7,T8,T9>' en cours de compilation
     1>z:\boulot\google test\googletest-master\googletest\include\gtest\internal\gtest-param-util-generated.h(4341): error C3203: 'tuple' : la classe non spécialisée modèle ne peut pas être utilisée comme argument modèle pour le paramètre modèle 'T' ; type réel attendu
     1>z:\boulot\google test\googletest-master\googletest\include\gtest\internal\gtest-param-util-generated.h(4341): error C2955: 'std::tuple' : l'utilisation d'une classe modèle requiert une liste d'arguments modèle
                 c:\program files (x86)\microsoft visual studio 11.0\vc\include\utility(73) : voir la déclaration de 'std::tuple'
     1>z:\boulot\google test\googletest-master\googletest\include\gtest\internal\gtest-param-util-generated.h(4341): error C2955: 'testing::internal::ParamGeneratorInterface' : l'utilisation d'une classe modèle requiert une liste d'arguments modèle
                 z:\boulot\google test\googletest-master\googletest\include\gtest\internal\gtest-param-util.h(166) : voir la déclaration de 'testing::internal::ParamGeneratorInterface'
     1>z:\boulot\google test\googletest-master\googletest\include\gtest\internal\gtest-param-util-generated.h(4343): error C2977: 'std::tuple' : nombre d'arguments modèle trop élevé
                 c:\program files (x86)\microsoft visual studio 11.0\vc\include\utility(73) : voir la déclaration de 'std::tuple'
     1>z:\boulot\google test\googletest-master\googletest\include\gtest\internal\gtest-param-util-generated.h(4354): error C3203: 'tuple' : la classe non spécialisée modèle ne peut pas être utilisée comme argument modèle pour le paramètre modèle 'T' ; type réel attendu
     1>z:\boulot\google test\googletest-master\googletest\include\gtest\internal\gtest-param-util-generated.h(4354): error C2955: 'std::tuple' : l'utilisation d'une classe modèle requiert une liste d'arguments modèle
                 c:\program files (x86)\microsoft visual studio 11.0\vc\include\utility(73) : voir la déclaration de 'std::tuple'
     1>z:\boulot\google test\googletest-master\googletest\include\gtest\internal\gtest-param-util-generated.h(4359): error C3203: 'tuple' : la classe non spécialisée modèle ne peut pas être utilisée comme argument modèle pour le paramètre modèle 'T' ; type réel attendu
     1>z:\boulot\google test\googletest-master\googletest\include\gtest\internal\gtest-param-util-generated.h(4359): error C2955: 'std::tuple' : l'utilisation d'une classe modèle requiert une liste d'arguments modèle
                 c:\program files (x86)\microsoft visual studio 11.0\vc\include\utility(73) : voir la déclaration de 'std::tuple'
     1>z:\boulot\google test\googletest-master\googletest\include\gtest\internal\gtest-param-util-generated.h(4366): error C3203: 'tuple' : la classe non spécialisée modèle ne peut pas être utilisée comme argument modèle pour le paramètre modèle 'T' ; type réel attendu
                 z:\boulot\google test\googletest-master\googletest\include\gtest\internal\gtest-param-util-generated.h(4366) : voir la référence à l'instanciation de la classe modèle 'testing::internal::CartesianProductGenerator9<T1,T2,T3,T4,T5,T6,T7,T8,T9>::Iterator' en cours de compilation
     1>z:\boulot\google test\googletest-master\googletest\include\gtest\internal\gtest-param-util-generated.h(4366): error C2955: 'std::tuple' : l'utilisation d'une classe modèle requiert une liste d'arguments modèle
                 c:\program files (x86)\microsoft visual studio 11.0\vc\include\utility(73) : voir la déclaration de 'std::tuple'
     1>z:\boulot\google test\googletest-master\googletest\include\gtest\internal\gtest-param-util-generated.h(4366): error C2955: 'testing::internal::ParamIteratorInterface' : l'utilisation d'une classe modèle requiert une liste d'arguments modèle
                 z:\boulot\google test\googletest-master\googletest\include\gtest\internal\gtest-param-util.h(93) : voir la déclaration de 'testing::internal::ParamIteratorInterface'
     1>z:\boulot\google test\googletest-master\googletest\include\gtest\internal\gtest-param-util-generated.h(4368): error C3203: 'tuple' : la classe non spécialisée modèle ne peut pas être utilisée comme argument modèle pour le paramètre modèle 'T' ; type réel attendu
     1>z:\boulot\google test\googletest-master\googletest\include\gtest\internal\gtest-param-util-generated.h(4368): error C2955: 'std::tuple' : l'utilisation d'une classe modèle requiert une liste d'arguments modèle
                 c:\program files (x86)\microsoft visual studio 11.0\vc\include\utility(73) : voir la déclaration de 'std::tuple'
                 c:\program files (x86)\microsoft visual studio 11.0\vc\include\utility(73) : voir la déclaration de 'std::tuple'
     1>z:\boulot\google test\googletest-master\googletest\include\gtest\internal\gtest-param-util-generated.h(4401): error C3203: 'tuple' : la classe non spécialisée modèle ne peut pas être utilisée comme argument modèle pour le paramètre modèle 'T' ; type réel attendu
     1>z:\boulot\google test\googletest-master\googletest\include\gtest\internal\gtest-param-util-generated.h(4401): error C2955: 'std::tuple' : l'utilisation d'une classe modèle requiert une liste d'arguments modèle
                 c:\program files (x86)\microsoft visual studio 11.0\vc\include\utility(73) : voir la déclaration de 'std::tuple'
     1>z:\boulot\google test\googletest-master\googletest\include\gtest\internal\gtest-param-util-generated.h(4443): error C3203: 'tuple' : la classe non spécialisée modèle ne peut pas être utilisée comme argument modèle pour le paramètre modèle 'T' ; type réel attendu
     1>z:\boulot\google test\googletest-master\googletest\include\gtest\internal\gtest-param-util-generated.h(4443): error C2955: 'std::tuple' : l'utilisation d'une classe modèle requiert une liste d'arguments modèle
                 c:\program files (x86)\microsoft visual studio 11.0\vc\include\utility(73) : voir la déclaration de 'std::tuple'
     1>z:\boulot\google test\googletest-master\googletest\include\gtest\internal\gtest-param-util-generated.h(4447): error C3203: 'tuple' : la classe non spécialisée modèle ne peut pas être utilisée comme argument modèle pour le paramètre modèle 'T' ; type réel attendu
     1>z:\boulot\google test\googletest-master\googletest\include\gtest\internal\gtest-param-util-generated.h(4447): error C2955: 'std::tuple' : l'utilisation d'une classe modèle requiert une liste d'arguments modèle
                 c:\program files (x86)\microsoft visual studio 11.0\vc\include\utility(73) : voir la déclaration de 'std::tuple'
     1>z:\boulot\google test\googletest-master\googletest\include\gtest\internal\gtest-param-util-generated.h(4528): error C3203: 'tuple' : la classe non spécialisée modèle ne peut pas être utilisée comme argument modèle pour le paramètre modèle 'T' ; type réel attendu
     1>z:\boulot\google test\googletest-master\googletest\include\gtest\internal\gtest-param-util-generated.h(4528): error C2955: 'std::tuple' : l'utilisation d'une classe modèle requiert une liste d'arguments modèle
                 c:\program files (x86)\microsoft visual studio 11.0\vc\include\utility(73) : voir la déclaration de 'std::tuple'
     1>z:\boulot\google test\googletest-master\googletest\include\gtest\internal\gtest-param-util-generated.h(4580): error C2977: 'std::tuple' : nombre d'arguments modèle trop élevé
                 c:\program files (x86)\microsoft visual studio 11.0\vc\include\utility(73) : voir la déclaration de 'std::tuple'
                 z:\boulot\google test\googletest-master\googletest\include\gtest\internal\gtest-param-util-generated.h(4829) : voir la référence à l'instanciation de la classe modèle 'testing::internal::CartesianProductGenerator10<T1,T2,T3,T4,T5,T6,T7,T8,T9,T10>' en cours de compilation
     1>z:\boulot\google test\googletest-master\googletest\include\gtest\internal\gtest-param-util-generated.h(4580): error C3203: 'tuple' : la classe non spécialisée modèle ne peut pas être utilisée comme argument modèle pour le paramètre modèle 'T' ; type réel attendu
     1>z:\boulot\google test\googletest-master\googletest\include\gtest\internal\gtest-param-util-generated.h(4580): error C2955: 'std::tuple' : l'utilisation d'une classe modèle requiert une liste d'arguments modèle
                 c:\program files (x86)\microsoft visual studio 11.0\vc\include\utility(73) : voir la déclaration de 'std::tuple'
     1>z:\boulot\google test\googletest-master\googletest\include\gtest\internal\gtest-param-util-generated.h(4580): error C2955: 'testing::internal::ParamGeneratorInterface' : l'utilisation d'une classe modèle requiert une liste d'arguments modèle
                 z:\boulot\google test\googletest-master\googletest\include\gtest\internal\gtest-param-util.h(166) : voir la déclaration de 'testing::internal::ParamGeneratorInterface'
     1>z:\boulot\google test\googletest-master\googletest\include\gtest\internal\gtest-param-util-generated.h(4582): error C2977: 'std::tuple' : nombre d'arguments modèle trop élevé
                 c:\program files (x86)\microsoft visual studio 11.0\vc\include\utility(73) : voir la déclaration de 'std::tuple'
     1>z:\boulot\google test\googletest-master\googletest\include\gtest\internal\gtest-param-util-generated.h(4594): error C3203: 'tuple' : la classe non spécialisée modèle ne peut pas être utilisée comme argument modèle pour le paramètre modèle 'T' ; type réel attendu
     1>z:\boulot\google test\googletest-master\googletest\include\gtest\internal\gtest-param-util-generated.h(4594): error C2955: 'std::tuple' : l'utilisation d'une classe modèle requiert une liste d'arguments modèle
                 c:\program files (x86)\microsoft visual studio 11.0\vc\include\utility(73) : voir la déclaration de 'std::tuple'
     1>z:\boulot\google test\googletest-master\googletest\include\gtest\internal\gtest-param-util-generated.h(4599): error C3203: 'tuple' : la classe non spécialisée modèle ne peut pas être utilisée comme argument modèle pour le paramètre modèle 'T' ; type réel attendu
     1>z:\boulot\google test\googletest-master\googletest\include\gtest\internal\gtest-param-util-generated.h(4599): error C2955: 'std::tuple' : l'utilisation d'une classe modèle requiert une liste d'arguments modèle
                 c:\program files (x86)\microsoft visual studio 11.0\vc\include\utility(73) : voir la déclaration de 'std::tuple'
     1>z:\boulot\google test\googletest-master\googletest\include\gtest\internal\gtest-param-util-generated.h(4606): error C3203: 'tuple' : la classe non spécialisée modèle ne peut pas être utilisée comme argument modèle pour le paramètre modèle 'T' ; type réel attendu
                 z:\boulot\google test\googletest-master\googletest\include\gtest\internal\gtest-param-util-generated.h(4606) : voir la référence à l'instanciation de la classe modèle 'testing::internal::CartesianProductGenerator10<T1,T2,T3,T4,T5,T6,T7,T8,T9,T10>::Iterator' en cours de compilation
     1>z:\boulot\google test\googletest-master\googletest\include\gtest\internal\gtest-param-util-generated.h(4606): error C2955: 'std::tuple' : l'utilisation d'une classe modèle requiert une liste d'arguments modèle
                 c:\program files (x86)\microsoft visual studio 11.0\vc\include\utility(73) : voir la déclaration de 'std::tuple'
     1>z:\boulot\google test\googletest-master\googletest\include\gtest\internal\gtest-param-util-generated.h(4606): error C2955: 'testing::internal::ParamIteratorInterface' : l'utilisation d'une classe modèle requiert une liste d'arguments modèle
                 z:\boulot\google test\googletest-master\googletest\include\gtest\internal\gtest-param-util.h(93) : voir la déclaration de 'testing::internal::ParamIteratorInterface'
     1>z:\boulot\google test\googletest-master\googletest\include\gtest\internal\gtest-param-util-generated.h(4608): error C3203: 'tuple' : la classe non spécialisée modèle ne peut pas être utilisée comme argument modèle pour le paramètre modèle 'T' ; type réel attendu
     1>z:\boulot\google test\googletest-master\googletest\include\gtest\internal\gtest-param-util-generated.h(4608): error C2955: 'std::tuple' : l'utilisation d'une classe modèle requiert une liste d'arguments modèle
                 c:\program files (x86)\microsoft visual studio 11.0\vc\include\utility(73) : voir la déclaration de 'std::tuple'
                 c:\program files (x86)\microsoft visual studio 11.0\vc\include\utility(73) : voir la déclaration de 'std::tuple'
     1>z:\boulot\google test\googletest-master\googletest\include\gtest\internal\gtest-param-util-generated.h(4644): error C3203: 'tuple' : la classe non spécialisée modèle ne peut pas être utilisée comme argument modèle pour le paramètre modèle 'T' ; type réel attendu
     1>z:\boulot\google test\googletest-master\googletest\include\gtest\internal\gtest-param-util-generated.h(4644): error C2955: 'std::tuple' : l'utilisation d'une classe modèle requiert une liste d'arguments modèle
                 c:\program files (x86)\microsoft visual studio 11.0\vc\include\utility(73) : voir la déclaration de 'std::tuple'
     1>z:\boulot\google test\googletest-master\googletest\include\gtest\internal\gtest-param-util-generated.h(4690): error C3203: 'tuple' : la classe non spécialisée modèle ne peut pas être utilisée comme argument modèle pour le paramètre modèle 'T' ; type réel attendu
     1>z:\boulot\google test\googletest-master\googletest\include\gtest\internal\gtest-param-util-generated.h(4690): error C2955: 'std::tuple' : l'utilisation d'une classe modèle requiert une liste d'arguments modèle
                 c:\program files (x86)\microsoft visual studio 11.0\vc\include\utility(73) : voir la déclaration de 'std::tuple'
     1>z:\boulot\google test\googletest-master\googletest\include\gtest\internal\gtest-param-util-generated.h(4694): error C3203: 'tuple' : la classe non spécialisée modèle ne peut pas être utilisée comme argument modèle pour le paramètre modèle 'T' ; type réel attendu
     1>z:\boulot\google test\googletest-master\googletest\include\gtest\internal\gtest-param-util-generated.h(4694): error C2955: 'std::tuple' : l'utilisation d'une classe modèle requiert une liste d'arguments modèle
                 c:\program files (x86)\microsoft visual studio 11.0\vc\include\utility(73) : voir la déclaration de 'std::tuple'
     1>z:\boulot\google test\googletest-master\googletest\include\gtest\internal\gtest-param-util-generated.h(4780): error C3203: 'tuple' : la classe non spécialisée modèle ne peut pas être utilisée comme argument modèle pour le paramètre modèle 'T' ; type réel attendu
     1>z:\boulot\google test\googletest-master\googletest\include\gtest\internal\gtest-param-util-generated.h(4780): error C2955: 'std::tuple' : l'utilisation d'une classe modèle requiert une liste d'arguments modèle
                 c:\program files (x86)\microsoft visual studio 11.0\vc\include\utility(73) : voir la déclaration de 'std::tuple'
     1>z:\boulot\google test\googletest-master\googletest\include\gtest\internal\gtest-param-util-generated.h(5062): error C2977: 'std::tuple' : nombre d'arguments modèle trop élevé
                 c:\program files (x86)\microsoft visual studio 11.0\vc\include\utility(73) : voir la déclaration de 'std::tuple'
                 z:\boulot\google test\googletest-master\googletest\include\gtest\internal\gtest-param-util-generated.h(5090) : voir la référence à l'instanciation de la classe modèle 'testing::internal::CartesianProductHolder9<Generator1,Generator2,Generator3,Generator4,Generator5,Generator6,Generator7,Generator8,Generator9>' en cours de compilation
     1>z:\boulot\google test\googletest-master\googletest\include\gtest\internal\gtest-param-util-generated.h(5062): error C3203: 'tuple' : la classe non spécialisée modèle ne peut pas être utilisée comme argument modèle pour le paramètre modèle 'T' ; type réel attendu
     1>z:\boulot\google test\googletest-master\googletest\include\gtest\internal\gtest-param-util-generated.h(5062): error C2955: 'std::tuple' : l'utilisation d'une classe modèle requiert une liste d'arguments modèle
                 c:\program files (x86)\microsoft visual studio 11.0\vc\include\utility(73) : voir la déclaration de 'std::tuple'
     1>z:\boulot\google test\googletest-master\googletest\include\gtest\internal\gtest-param-util-generated.h(5106): error C2977: 'std::tuple' : nombre d'arguments modèle trop élevé
                 c:\program files (x86)\microsoft visual studio 11.0\vc\include\utility(73) : voir la déclaration de 'std::tuple'
                 z:\boulot\google test\googletest-master\googletest\include\gtest\internal\gtest-param-util-generated.h(5137) : voir la référence à l'instanciation de la classe modèle 'testing::internal::CartesianProductHolder10<Generator1,Generator2,Generator3,Generator4,Generator5,Generator6,Generator7,Generator8,Generator9,Generator10>' en cours de compilation
     1>z:\boulot\google test\googletest-master\googletest\include\gtest\internal\gtest-param-util-generated.h(5106): error C3203: 'tuple' : la classe non spécialisée modèle ne peut pas être utilisée comme argument modèle pour le paramètre modèle 'T' ; type réel attendu
     1>z:\boulot\google test\googletest-master\googletest\include\gtest\internal\gtest-param-util-generated.h(5106): error C2955: 'std::tuple' : l'utilisation d'une classe modèle requiert une liste d'arguments modèle
                 c:\program files (x86)\microsoft visual studio 11.0\vc\include\utility(73) : voir la déclaration de 'std::tuple'
         gtest-all.cc
     1>z:\boulot\google test\googletest-master\googletest\include\gtest\gtest-printers.h(670): error C2977: 'std::tuple' : nombre d'arguments modèle trop élevé
                 c:\program files (x86)\microsoft visual studio 11.0\vc\include\utility(73) : voir la déclaration de 'std::tuple'
     1>z:\boulot\google test\googletest-master\googletest\include\gtest\gtest-printers.h(678): error C2977: 'std::tuple' : nombre d'arguments modèle trop élevé
                 c:\program files (x86)\microsoft visual studio 11.0\vc\include\utility(73) : voir la déclaration de 'std::tuple'
     1>z:\boulot\google test\googletest-master\googletest\include\gtest\internal\gtest-param-util-generated.h(4341): error C2977: 'std::tuple' : nombre d'arguments modèle trop élevé
                 c:\program files (x86)\microsoft visual studio 11.0\vc\include\utility(73) : voir la déclaration de 'std::tuple'
                 z:\boulot\google test\googletest-master\googletest\include\gtest\internal\gtest-param-util-generated.h(4573) : voir la référence à l'instanciation de la classe modèle 'testing::internal::CartesianProductGenerator9<T1,T2,T3,T4,T5,T6,T7,T8,T9>' en cours de compilation
     1>z:\boulot\google test\googletest-master\googletest\include\gtest\internal\gtest-param-util-generated.h(4341): error C3203: 'tuple' : la classe non spécialisée modèle ne peut pas être utilisée comme argument modèle pour le paramètre modèle 'T' ; type réel attendu
     1>z:\boulot\google test\googletest-master\googletest\include\gtest\internal\gtest-param-util-generated.h(4341): error C2955: 'std::tuple' : l'utilisation d'une classe modèle requiert une liste d'arguments modèle
                 c:\program files (x86)\microsoft visual studio 11.0\vc\include\utility(73) : voir la déclaration de 'std::tuple'
     1>z:\boulot\google test\googletest-master\googletest\include\gtest\internal\gtest-param-util-generated.h(4341): error C2955: 'testing::internal::ParamGeneratorInterface' : l'utilisation d'une classe modèle requiert une liste d'arguments modèle
                 z:\boulot\google test\googletest-master\googletest\include\gtest\internal\gtest-param-util.h(166) : voir la déclaration de 'testing::internal::ParamGeneratorInterface'
     1>z:\boulot\google test\googletest-master\googletest\include\gtest\internal\gtest-param-util-generated.h(4343): error C2977: 'std::tuple' : nombre d'arguments modèle trop élevé
                 c:\program files (x86)\microsoft visual studio 11.0\vc\include\utility(73) : voir la déclaration de 'std::tuple'
     1>z:\boulot\google test\googletest-master\googletest\include\gtest\internal\gtest-param-util-generated.h(4354): error C3203: 'tuple' : la classe non spécialisée modèle ne peut pas être utilisée comme argument modèle pour le paramètre modèle 'T' ; type réel attendu
     1>z:\boulot\google test\googletest-master\googletest\include\gtest\internal\gtest-param-util-generated.h(4354): error C2955: 'std::tuple' : l'utilisation d'une classe modèle requiert une liste d'arguments modèle
                 c:\program files (x86)\microsoft visual studio 11.0\vc\include\utility(73) : voir la déclaration de 'std::tuple'
     1>z:\boulot\google test\googletest-master\googletest\include\gtest\internal\gtest-param-util-generated.h(4359): error C3203: 'tuple' : la classe non spécialisée modèle ne peut pas être utilisée comme argument modèle pour le paramètre modèle 'T' ; type réel attendu
     1>z:\boulot\google test\googletest-master\googletest\include\gtest\internal\gtest-param-util-generated.h(4359): error C2955: 'std::tuple' : l'utilisation d'une classe modèle requiert une liste d'arguments modèle
                 c:\program files (x86)\microsoft visual studio 11.0\vc\include\utility(73) : voir la déclaration de 'std::tuple'
     1>z:\boulot\google test\googletest-master\googletest\include\gtest\internal\gtest-param-util-generated.h(4366): error C3203: 'tuple' : la classe non spécialisée modèle ne peut pas être utilisée comme argument modèle pour le paramètre modèle 'T' ; type réel attendu
                 z:\boulot\google test\googletest-master\googletest\include\gtest\internal\gtest-param-util-generated.h(4366) : voir la référence à l'instanciation de la classe modèle 'testing::internal::CartesianProductGenerator9<T1,T2,T3,T4,T5,T6,T7,T8,T9>::Iterator' en cours de compilation
     1>z:\boulot\google test\googletest-master\googletest\include\gtest\internal\gtest-param-util-generated.h(4366): error C2955: 'std::tuple' : l'utilisation d'une classe modèle requiert une liste d'arguments modèle
                 c:\program files (x86)\microsoft visual studio 11.0\vc\include\utility(73) : voir la déclaration de 'std::tuple'
     1>z:\boulot\google test\googletest-master\googletest\include\gtest\internal\gtest-param-util-generated.h(4366): error C2955: 'testing::internal::ParamIteratorInterface' : l'utilisation d'une classe modèle requiert une liste d'arguments modèle
                 z:\boulot\google test\googletest-master\googletest\include\gtest\internal\gtest-param-util.h(93) : voir la déclaration de 'testing::internal::ParamIteratorInterface'
     1>z:\boulot\google test\googletest-master\googletest\include\gtest\internal\gtest-param-util-generated.h(4368): error C3203: 'tuple' : la classe non spécialisée modèle ne peut pas être utilisée comme argument modèle pour le paramètre modèle 'T' ; type réel attendu
     1>z:\boulot\google test\googletest-master\googletest\include\gtest\internal\gtest-param-util-generated.h(4368): error C2955: 'std::tuple' : l'utilisation d'une classe modèle requiert une liste d'arguments modèle
                 c:\program files (x86)\microsoft visual studio 11.0\vc\include\utility(73) : voir la déclaration de 'std::tuple'
                 c:\program files (x86)\microsoft visual studio 11.0\vc\include\utility(73) : voir la déclaration de 'std::tuple'
     1>z:\boulot\google test\googletest-master\googletest\include\gtest\internal\gtest-param-util-generated.h(4401): error C3203: 'tuple' : la classe non spécialisée modèle ne peut pas être utilisée comme argument modèle pour le paramètre modèle 'T' ; type réel attendu
     1>z:\boulot\google test\googletest-master\googletest\include\gtest\internal\gtest-param-util-generated.h(4401): error C2955: 'std::tuple' : l'utilisation d'une classe modèle requiert une liste d'arguments modèle
                 c:\program files (x86)\microsoft visual studio 11.0\vc\include\utility(73) : voir la déclaration de 'std::tuple'
     1>z:\boulot\google test\googletest-master\googletest\include\gtest\internal\gtest-param-util-generated.h(4443): error C3203: 'tuple' : la classe non spécialisée modèle ne peut pas être utilisée comme argument modèle pour le paramètre modèle 'T' ; type réel attendu
     1>z:\boulot\google test\googletest-master\googletest\include\gtest\internal\gtest-param-util-generated.h(4443): error C2955: 'std::tuple' : l'utilisation d'une classe modèle requiert une liste d'arguments modèle
                 c:\program files (x86)\microsoft visual studio 11.0\vc\include\utility(73) : voir la déclaration de 'std::tuple'
     1>z:\boulot\google test\googletest-master\googletest\include\gtest\internal\gtest-param-util-generated.h(4447): error C3203: 'tuple' : la classe non spécialisée modèle ne peut pas être utilisée comme argument modèle pour le paramètre modèle 'T' ; type réel attendu
     1>z:\boulot\google test\googletest-master\googletest\include\gtest\internal\gtest-param-util-generated.h(4447): error C2955: 'std::tuple' : l'utilisation d'une classe modèle requiert une liste d'arguments modèle
                 c:\program files (x86)\microsoft visual studio 11.0\vc\include\utility(73) : voir la déclaration de 'std::tuple'
     1>z:\boulot\google test\googletest-master\googletest\include\gtest\internal\gtest-param-util-generated.h(4528): error C3203: 'tuple' : la classe non spécialisée modèle ne peut pas être utilisée comme argument modèle pour le paramètre modèle 'T' ; type réel attendu
     1>z:\boulot\google test\googletest-master\googletest\include\gtest\internal\gtest-param-util-generated.h(4528): error C2955: 'std::tuple' : l'utilisation d'une classe modèle requiert une liste d'arguments modèle
                 c:\program files (x86)\microsoft visual studio 11.0\vc\include\utility(73) : voir la déclaration de 'std::tuple'
     1>z:\boulot\google test\googletest-master\googletest\include\gtest\internal\gtest-param-util-generated.h(4580): error C2977: 'std::tuple' : nombre d'arguments modèle trop élevé
                 c:\program files (x86)\microsoft visual studio 11.0\vc\include\utility(73) : voir la déclaration de 'std::tuple'
                 z:\boulot\google test\googletest-master\googletest\include\gtest\internal\gtest-param-util-generated.h(4829) : voir la référence à l'instanciation de la classe modèle 'testing::internal::CartesianProductGenerator10<T1,T2,T3,T4,T5,T6,T7,T8,T9,T10>' en cours de compilation
     1>z:\boulot\google test\googletest-master\googletest\include\gtest\internal\gtest-param-util-generated.h(4580): error C3203: 'tuple' : la classe non spécialisée modèle ne peut pas être utilisée comme argument modèle pour le paramètre modèle 'T' ; type réel attendu
     1>z:\boulot\google test\googletest-master\googletest\include\gtest\internal\gtest-param-util-generated.h(4580): error C2955: 'std::tuple' : l'utilisation d'une classe modèle requiert une liste d'arguments modèle
                 c:\program files (x86)\microsoft visual studio 11.0\vc\include\utility(73) : voir la déclaration de 'std::tuple'
     1>z:\boulot\google test\googletest-master\googletest\include\gtest\internal\gtest-param-util-generated.h(4580): error C2955: 'testing::internal::ParamGeneratorInterface' : l'utilisation d'une classe modèle requiert une liste d'arguments modèle
                 z:\boulot\google test\googletest-master\googletest\include\gtest\internal\gtest-param-util.h(166) : voir la déclaration de 'testing::internal::ParamGeneratorInterface'
     1>z:\boulot\google test\googletest-master\googletest\include\gtest\internal\gtest-param-util-generated.h(4582): error C2977: 'std::tuple' : nombre d'arguments modèle trop élevé
                 c:\program files (x86)\microsoft visual studio 11.0\vc\include\utility(73) : voir la déclaration de 'std::tuple'
     1>z:\boulot\google test\googletest-master\googletest\include\gtest\internal\gtest-param-util-generated.h(4594): error C3203: 'tuple' : la classe non spécialisée modèle ne peut pas être utilisée comme argument modèle pour le paramètre modèle 'T' ; type réel attendu
     1>z:\boulot\google test\googletest-master\googletest\include\gtest\internal\gtest-param-util-generated.h(4594): error C2955: 'std::tuple' : l'utilisation d'une classe modèle requiert une liste d'arguments modèle
                 c:\program files (x86)\microsoft visual studio 11.0\vc\include\utility(73) : voir la déclaration de 'std::tuple'
     1>z:\boulot\google test\googletest-master\googletest\include\gtest\internal\gtest-param-util-generated.h(4599): error C3203: 'tuple' : la classe non spécialisée modèle ne peut pas être utilisée comme argument modèle pour le paramètre modèle 'T' ; type réel attendu
     1>z:\boulot\google test\googletest-master\googletest\include\gtest\internal\gtest-param-util-generated.h(4599): error C2955: 'std::tuple' : l'utilisation d'une classe modèle requiert une liste d'arguments modèle
                 c:\program files (x86)\microsoft visual studio 11.0\vc\include\utility(73) : voir la déclaration de 'std::tuple'
     1>z:\boulot\google test\googletest-master\googletest\include\gtest\internal\gtest-param-util-generated.h(4606): error C3203: 'tuple' : la classe non spécialisée modèle ne peut pas être utilisée comme argument modèle pour le paramètre modèle 'T' ; type réel attendu
                 z:\boulot\google test\googletest-master\googletest\include\gtest\internal\gtest-param-util-generated.h(4606) : voir la référence à l'instanciation de la classe modèle 'testing::internal::CartesianProductGenerator10<T1,T2,T3,T4,T5,T6,T7,T8,T9,T10>::Iterator' en cours de compilation
     1>z:\boulot\google test\googletest-master\googletest\include\gtest\internal\gtest-param-util-generated.h(4606): error C2955: 'std::tuple' : l'utilisation d'une classe modèle requiert une liste d'arguments modèle
                 c:\program files (x86)\microsoft visual studio 11.0\vc\include\utility(73) : voir la déclaration de 'std::tuple'
     1>z:\boulot\google test\googletest-master\googletest\include\gtest\internal\gtest-param-util-generated.h(4606): error C2955: 'testing::internal::ParamIteratorInterface' : l'utilisation d'une classe modèle requiert une liste d'arguments modèle
                 z:\boulot\google test\googletest-master\googletest\include\gtest\internal\gtest-param-util.h(93) : voir la déclaration de 'testing::internal::ParamIteratorInterface'
     1>z:\boulot\google test\googletest-master\googletest\include\gtest\internal\gtest-param-util-generated.h(4608): error C3203: 'tuple' : la classe non spécialisée modèle ne peut pas être utilisée comme argument modèle pour le paramètre modèle 'T' ; type réel attendu
     1>z:\boulot\google test\googletest-master\googletest\include\gtest\internal\gtest-param-util-generated.h(4608): error C2955: 'std::tuple' : l'utilisation d'une classe modèle requiert une liste d'arguments modèle
                 c:\program files (x86)\microsoft visual studio 11.0\vc\include\utility(73) : voir la déclaration de 'std::tuple'
                 c:\program files (x86)\microsoft visual studio 11.0\vc\include\utility(73) : voir la déclaration de 'std::tuple'
     1>z:\boulot\google test\googletest-master\googletest\include\gtest\internal\gtest-param-util-generated.h(4644): error C3203: 'tuple' : la classe non spécialisée modèle ne peut pas être utilisée comme argument modèle pour le paramètre modèle 'T' ; type réel attendu
     1>z:\boulot\google test\googletest-master\googletest\include\gtest\internal\gtest-param-util-generated.h(4644): error C2955: 'std::tuple' : l'utilisation d'une classe modèle requiert une liste d'arguments modèle
                 c:\program files (x86)\microsoft visual studio 11.0\vc\include\utility(73) : voir la déclaration de 'std::tuple'
     1>z:\boulot\google test\googletest-master\googletest\include\gtest\internal\gtest-param-util-generated.h(4690): error C3203: 'tuple' : la classe non spécialisée modèle ne peut pas être utilisée comme argument modèle pour le paramètre modèle 'T' ; type réel attendu
     1>z:\boulot\google test\googletest-master\googletest\include\gtest\internal\gtest-param-util-generated.h(4690): error C2955: 'std::tuple' : l'utilisation d'une classe modèle requiert une liste d'arguments modèle
                 c:\program files (x86)\microsoft visual studio 11.0\vc\include\utility(73) : voir la déclaration de 'std::tuple'
     1>z:\boulot\google test\googletest-master\googletest\include\gtest\internal\gtest-param-util-generated.h(4694): error C3203: 'tuple' : la classe non spécialisée modèle ne peut pas être utilisée comme argument modèle pour le paramètre modèle 'T' ; type réel attendu
     1>z:\boulot\google test\googletest-master\googletest\include\gtest\internal\gtest-param-util-generated.h(4694): error C2955: 'std::tuple' : l'utilisation d'une classe modèle requiert une liste d'arguments modèle
                 c:\program files (x86)\microsoft visual studio 11.0\vc\include\utility(73) : voir la déclaration de 'std::tuple'
     1>z:\boulot\google test\googletest-master\googletest\include\gtest\internal\gtest-param-util-generated.h(4780): error C3203: 'tuple' : la classe non spécialisée modèle ne peut pas être utilisée comme argument modèle pour le paramètre modèle 'T' ; type réel attendu
     1>z:\boulot\google test\googletest-master\googletest\include\gtest\internal\gtest-param-util-generated.h(4780): error C2955: 'std::tuple' : l'utilisation d'une classe modèle requiert une liste d'arguments modèle
                 c:\program files (x86)\microsoft visual studio 11.0\vc\include\utility(73) : voir la déclaration de 'std::tuple'
     1>z:\boulot\google test\googletest-master\googletest\include\gtest\internal\gtest-param-util-generated.h(5062): error C2977: 'std::tuple' : nombre d'arguments modèle trop élevé
                 c:\program files (x86)\microsoft visual studio 11.0\vc\include\utility(73) : voir la déclaration de 'std::tuple'
                 z:\boulot\google test\googletest-master\googletest\include\gtest\internal\gtest-param-util-generated.h(5090) : voir la référence à l'instanciation de la classe modèle 'testing::internal::CartesianProductHolder9<Generator1,Generator2,Generator3,Generator4,Generator5,Generator6,Generator7,Generator8,Generator9>' en cours de compilation
     1>z:\boulot\google test\googletest-master\googletest\include\gtest\internal\gtest-param-util-generated.h(5062): error C3203: 'tuple' : la classe non spécialisée modèle ne peut pas être utilisée comme argument modèle pour le paramètre modèle 'T' ; type réel attendu
     1>z:\boulot\google test\googletest-master\googletest\include\gtest\internal\gtest-param-util-generated.h(5062): error C2955: 'std::tuple' : l'utilisation d'une classe modèle requiert une liste d'arguments modèle
                 c:\program files (x86)\microsoft visual studio 11.0\vc\include\utility(73) : voir la déclaration de 'std::tuple'
     1>z:\boulot\google test\googletest-master\googletest\include\gtest\internal\gtest-param-util-generated.h(5106): error C2977: 'std::tuple' : nombre d'arguments modèle trop élevé
                 c:\program files (x86)\microsoft visual studio 11.0\vc\include\utility(73) : voir la déclaration de 'std::tuple'
                 z:\boulot\google test\googletest-master\googletest\include\gtest\internal\gtest-param-util-generated.h(5137) : voir la référence à l'instanciation de la classe modèle 'testing::internal::CartesianProductHolder10<Generator1,Generator2,Generator3,Generator4,Generator5,Generator6,Generator7,Generator8,Generator9,Generator10>' en cours de compilation
     1>z:\boulot\google test\googletest-master\googletest\include\gtest\internal\gtest-param-util-generated.h(5106): error C3203: 'tuple' : la classe non spécialisée modèle ne peut pas être utilisée comme argument modèle pour le paramètre modèle 'T' ; type réel attendu
     1>z:\boulot\google test\googletest-master\googletest\include\gtest\internal\gtest-param-util-generated.h(5106): error C2955: 'std::tuple' : l'utilisation d'une classe modèle requiert une liste d'arguments modèle
                 c:\program files (x86)\microsoft visual studio 11.0\vc\include\utility(73) : voir la déclaration de 'std::tuple'
         Génération de code en cours...
     1>Génération du projet "Z:\Boulot\MEDEV\dames\dames\dames.vcxproj" terminée (Build cible(s)) -- ÉCHEC.

ÉCHEC de la build.

Temps écoulé 00:00:02.46
